mode: atomic
github.com/WildEgor/pi-storyteller/cmd/main.go:25.13,36.16 4 0
github.com/WildEgor/pi-storyteller/cmd/main.go:36.16,38.12 2 0
github.com/WildEgor/pi-storyteller/cmd/main.go:41.2,47.15 4 0
github.com/WildEgor/pi-storyteller/cmd/main.go:47.15,49.3 1 0
github.com/WildEgor/pi-storyteller/cmd/main.go:51.2,51.19 1 0
github.com/WildEgor/pi-storyteller/internal/adapters/bot/interfaces.go:62.47,64.2 1 0
github.com/WildEgor/pi-storyteller/internal/adapters/bot/interfaces.go:67.74,68.19 1 0
github.com/WildEgor/pi-storyteller/internal/adapters/bot/interfaces.go:68.19,72.3 2 0
github.com/WildEgor/pi-storyteller/internal/adapters/bot/interfaces.go:73.2,73.30 1 0
github.com/WildEgor/pi-storyteller/internal/adapters/bot/telegram.go:27.69,34.16 3 0
github.com/WildEgor/pi-storyteller/internal/adapters/bot/telegram.go:34.16,36.12 2 0
github.com/WildEgor/pi-storyteller/internal/adapters/bot/telegram.go:39.2,42.3 1 0
github.com/WildEgor/pi-storyteller/internal/adapters/bot/telegram.go:46.31,48.2 1 0
github.com/WildEgor/pi-storyteller/internal/adapters/bot/telegram.go:51.30,53.2 1 0
github.com/WildEgor/pi-storyteller/internal/adapters/bot/telegram.go:56.107,58.16 2 0
github.com/WildEgor/pi-storyteller/internal/adapters/bot/telegram.go:58.16,60.3 1 0
github.com/WildEgor/pi-storyteller/internal/adapters/bot/telegram.go:62.2,62.18 1 0
github.com/WildEgor/pi-storyteller/internal/adapters/bot/telegram.go:66.107,68.16 2 0
github.com/WildEgor/pi-storyteller/internal/adapters/bot/telegram.go:68.16,70.3 1 0
github.com/WildEgor/pi-storyteller/internal/adapters/bot/telegram.go:72.2,72.18 1 0
github.com/WildEgor/pi-storyteller/internal/adapters/bot/telegram.go:76.82,78.2 1 0
github.com/WildEgor/pi-storyteller/internal/adapters/bot/telegram.go:81.103,86.27 3 0
github.com/WildEgor/pi-storyteller/internal/adapters/bot/telegram.go:86.27,96.13 4 0
github.com/WildEgor/pi-storyteller/internal/adapters/bot/telegram.go:96.13,98.4 1 0
github.com/WildEgor/pi-storyteller/internal/adapters/bot/telegram.go:100.3,103.25 2 0
github.com/WildEgor/pi-storyteller/internal/adapters/bot/telegram.go:106.2,107.16 2 0
github.com/WildEgor/pi-storyteller/internal/adapters/bot/telegram.go:107.16,109.3 1 0
github.com/WildEgor/pi-storyteller/internal/adapters/bot/telegram.go:111.2,111.12 1 0
github.com/WildEgor/pi-storyteller/internal/adapters/bot/telegram.go:115.93,116.51 1 0
github.com/WildEgor/pi-storyteller/internal/adapters/bot/telegram.go:116.51,124.3 1 0
github.com/WildEgor/pi-storyteller/internal/adapters/bot/telegram.go:128.100,130.2 1 0
github.com/WildEgor/pi-storyteller/internal/app.go:56.42,58.12 1 0
github.com/WildEgor/pi-storyteller/internal/app.go:58.12,70.3 4 0
github.com/WildEgor/pi-storyteller/internal/app.go:72.2,80.29 2 0
github.com/WildEgor/pi-storyteller/internal/app.go:80.29,84.4 1 0
github.com/WildEgor/pi-storyteller/internal/app.go:85.17,89.3 1 0
github.com/WildEgor/pi-storyteller/internal/app.go:95.47,103.43 4 0
github.com/WildEgor/pi-storyteller/internal/app.go:103.43,107.3 1 0
github.com/WildEgor/pi-storyteller/internal/app.go:133.8,178.2 7 0
github.com/WildEgor/pi-storyteller/internal/wire_gen.go:31.32,60.2 28 0
github.com/WildEgor/pi-storyteller/internal/adapters/monitor/prom_metrics.go:55.128,93.2 1 0
github.com/WildEgor/pi-storyteller/internal/adapters/monitor/prom_metrics.go:97.46,99.29 1 0
github.com/WildEgor/pi-storyteller/internal/adapters/monitor/prom_metrics.go:99.29,103.3 1 0
github.com/WildEgor/pi-storyteller/internal/adapters/monitor/prom_metrics.go:109.46,111.29 1 0
github.com/WildEgor/pi-storyteller/internal/adapters/monitor/prom_metrics.go:111.29,115.3 1 0
github.com/WildEgor/pi-storyteller/internal/adapters/monitor/prom_metrics.go:121.58,123.29 1 0
github.com/WildEgor/pi-storyteller/internal/adapters/monitor/prom_metrics.go:123.29,127.3 1 0
github.com/WildEgor/pi-storyteller/internal/adapters/monitor/prom_metrics.go:133.67,135.29 1 0
github.com/WildEgor/pi-storyteller/internal/adapters/monitor/prom_metrics.go:135.29,139.3 1 0
github.com/WildEgor/pi-storyteller/internal/adapters/monitor/prom_registry.go:18.81,20.20 1 0
github.com/WildEgor/pi-storyteller/internal/adapters/monitor/prom_registry.go:20.20,36.3 3 0
github.com/WildEgor/pi-storyteller/internal/adapters/monitor/prom_registry.go:38.2,38.31 1 0
github.com/WildEgor/pi-storyteller/internal/adapters/imaginator/kandinsky.go:37.28,39.2 1 0
github.com/WildEgor/pi-storyteller/internal/adapters/imaginator/kandinsky.go:44.28,46.2 1 0
github.com/WildEgor/pi-storyteller/internal/adapters/imaginator/kandinsky.go:57.21,63.2 2 0
github.com/WildEgor/pi-storyteller/internal/adapters/imaginator/kandinsky.go:66.108,74.28 6 0
github.com/WildEgor/pi-storyteller/internal/adapters/imaginator/kandinsky.go:74.28,77.19 2 0
github.com/WildEgor/pi-storyteller/internal/adapters/imaginator/kandinsky.go:77.19,81.18 3 0
github.com/WildEgor/pi-storyteller/internal/adapters/imaginator/kandinsky.go:81.18,83.5 1 0
github.com/WildEgor/pi-storyteller/internal/adapters/imaginator/kandinsky.go:85.4,90.8 4 0
github.com/WildEgor/pi-storyteller/internal/adapters/imaginator/kandinsky.go:90.8,91.12 1 0
github.com/WildEgor/pi-storyteller/internal/adapters/imaginator/kandinsky.go:92.23,94.12 2 0
github.com/WildEgor/pi-storyteller/internal/adapters/imaginator/kandinsky.go:95.21,99.21 3 0
github.com/WildEgor/pi-storyteller/internal/adapters/imaginator/kandinsky.go:99.21,101.37 2 0
github.com/WildEgor/pi-storyteller/internal/adapters/imaginator/kandinsky.go:101.37,103.16 2 0
github.com/WildEgor/pi-storyteller/internal/adapters/imaginator/kandinsky.go:106.7,111.13 2 0
github.com/WildEgor/pi-storyteller/internal/adapters/imaginator/kandinsky.go:114.6,114.27 1 0
github.com/WildEgor/pi-storyteller/internal/adapters/imaginator/kandinsky.go:114.27,115.15 1 0
github.com/WildEgor/pi-storyteller/internal/adapters/imaginator/kandinsky.go:118.6,128.12 4 0
github.com/WildEgor/pi-storyteller/internal/adapters/imaginator/kandinsky.go:133.2,137.11 3 0
github.com/WildEgor/pi-storyteller/internal/adapters/imaginator/kandinsky.go:141.103,143.9 2 0
github.com/WildEgor/pi-storyteller/internal/adapters/imaginator/kandinsky.go:143.9,145.17 2 0
github.com/WildEgor/pi-storyteller/internal/adapters/imaginator/kandinsky.go:145.17,147.4 1 0
github.com/WildEgor/pi-storyteller/internal/adapters/imaginator/kandinsky.go:150.2,158.16 3 0
github.com/WildEgor/pi-storyteller/internal/adapters/imaginator/kandinsky.go:158.16,160.3 1 0
github.com/WildEgor/pi-storyteller/internal/adapters/imaginator/kandinsky.go:162.2,162.23 1 0
github.com/WildEgor/pi-storyteller/internal/adapters/imaginator/kandinsky.go:166.86,168.16 2 0
github.com/WildEgor/pi-storyteller/internal/adapters/imaginator/kandinsky.go:168.16,170.3 1 0
github.com/WildEgor/pi-storyteller/internal/adapters/imaginator/kandinsky.go:172.2,173.16 2 0
github.com/WildEgor/pi-storyteller/internal/adapters/imaginator/kandinsky.go:173.16,175.3 1 0
github.com/WildEgor/pi-storyteller/internal/adapters/imaginator/kandinsky.go:177.2,177.17 1 0
github.com/WildEgor/pi-storyteller/internal/adapters/textor/chatgpt.go:19.26,21.2 1 0
github.com/WildEgor/pi-storyteller/internal/adapters/textor/chatgpt.go:26.26,28.2 1 0
github.com/WildEgor/pi-storyteller/internal/adapters/textor/chatgpt.go:36.73,40.2 1 0
github.com/WildEgor/pi-storyteller/internal/adapters/textor/chatgpt.go:43.88,45.16 2 0
github.com/WildEgor/pi-storyteller/internal/adapters/textor/chatgpt.go:45.16,47.3 1 0
github.com/WildEgor/pi-storyteller/internal/adapters/textor/chatgpt.go:49.2,49.17 1 0
github.com/WildEgor/pi-storyteller/internal/configs/app.go:19.32,22.56 2 0
github.com/WildEgor/pi-storyteller/internal/configs/app.go:22.56,24.12 2 0
github.com/WildEgor/pi-storyteller/internal/configs/app.go:27.2,29.12 2 0
github.com/WildEgor/pi-storyteller/internal/configs/app.go:33.56,35.2 1 0
github.com/WildEgor/pi-storyteller/internal/configs/app.go:38.42,40.2 1 0
github.com/WildEgor/pi-storyteller/internal/configs/app.go:43.37,45.2 1 0
github.com/WildEgor/pi-storyteller/internal/configs/chatgpt.go:18.40,21.60 2 0
github.com/WildEgor/pi-storyteller/internal/configs/chatgpt.go:21.60,23.12 2 0
github.com/WildEgor/pi-storyteller/internal/configs/chatgpt.go:26.2,28.12 2 0
github.com/WildEgor/pi-storyteller/internal/configs/chatgpt.go:32.56,37.2 1 0
github.com/WildEgor/pi-storyteller/internal/configs/configurator.go:20.38,31.2 3 0
github.com/WildEgor/pi-storyteller/internal/configs/configurator.go:35.32,37.46 1 0
github.com/WildEgor/pi-storyteller/internal/configs/configurator.go:37.46,41.38 2 0
github.com/WildEgor/pi-storyteller/internal/configs/configurator.go:41.38,45.4 1 0
github.com/WildEgor/pi-storyteller/internal/configs/configurator.go:49.2,49.21 1 0
github.com/WildEgor/pi-storyteller/internal/configs/configurator.go:55.57,61.2 2 0
github.com/WildEgor/pi-storyteller/internal/configs/configurator.go:65.31,69.20 2 0
github.com/WildEgor/pi-storyteller/internal/configs/configurator.go:69.20,73.3 1 0
github.com/WildEgor/pi-storyteller/internal/configs/configurator.go:73.8,81.3 2 0
github.com/WildEgor/pi-storyteller/internal/configs/configurator.go:83.2,87.45 3 0
github.com/WildEgor/pi-storyteller/internal/configs/configurator.go:87.45,91.37 2 0
github.com/WildEgor/pi-storyteller/internal/configs/configurator.go:95.2,95.46 1 0
github.com/WildEgor/pi-storyteller/internal/configs/configurator.go:95.46,101.3 2 0
github.com/WildEgor/pi-storyteller/internal/configs/kandinsky.go:25.44,29.62 2 0
github.com/WildEgor/pi-storyteller/internal/configs/kandinsky.go:29.62,33.12 2 0
github.com/WildEgor/pi-storyteller/internal/configs/kandinsky.go:37.2,39.12 2 0
github.com/WildEgor/pi-storyteller/internal/configs/kandinsky.go:45.60,56.2 1 0
github.com/WildEgor/pi-storyteller/internal/configs/logger.go:34.38,38.58 2 0
github.com/WildEgor/pi-storyteller/internal/configs/logger.go:38.58,42.12 2 0
github.com/WildEgor/pi-storyteller/internal/configs/logger.go:46.2,53.26 3 0
github.com/WildEgor/pi-storyteller/internal/configs/logger.go:53.26,57.3 1 0
github.com/WildEgor/pi-storyteller/internal/configs/logger.go:59.2,61.33 2 0
github.com/WildEgor/pi-storyteller/internal/configs/logger.go:61.33,65.3 1 0
github.com/WildEgor/pi-storyteller/internal/configs/logger.go:67.2,71.12 3 0
github.com/WildEgor/pi-storyteller/internal/configs/metrics.go:17.40,21.60 2 0
github.com/WildEgor/pi-storyteller/internal/configs/metrics.go:21.60,25.12 2 0
github.com/WildEgor/pi-storyteller/internal/configs/metrics.go:29.2,31.12 2 0
github.com/WildEgor/pi-storyteller/internal/configs/telegram.go:16.48,19.61 2 0
github.com/WildEgor/pi-storyteller/internal/configs/telegram.go:19.61,21.12 2 0
github.com/WildEgor/pi-storyteller/internal/configs/telegram.go:24.2,26.12 2 0
github.com/WildEgor/pi-storyteller/internal/handlers/tg/generate/dto.go:14.46,15.24 1 0
github.com/WildEgor/pi-storyteller/internal/handlers/tg/generate/dto.go:15.24,17.3 1 0
github.com/WildEgor/pi-storyteller/internal/handlers/tg/generate/dto.go:19.2,19.24 1 0
github.com/WildEgor/pi-storyteller/internal/handlers/tg/generate/dto.go:19.24,21.3 1 0
github.com/WildEgor/pi-storyteller/internal/handlers/tg/generate/dto.go:23.2,23.26 1 0
github.com/WildEgor/pi-storyteller/internal/handlers/tg/generate/dto.go:23.26,25.3 1 0
github.com/WildEgor/pi-storyteller/internal/handlers/tg/generate/dto.go:27.2,27.12 1 0
github.com/WildEgor/pi-storyteller/internal/handlers/tg/generate/handler.go:41.20,50.2 1 0
github.com/WildEgor/pi-storyteller/internal/handlers/tg/generate/handler.go:53.90,58.43 2 0
github.com/WildEgor/pi-storyteller/internal/handlers/tg/generate/handler.go:58.43,61.3 2 0
github.com/WildEgor/pi-storyteller/internal/handlers/tg/generate/handler.go:63.2,66.65 2 0
github.com/WildEgor/pi-storyteller/internal/handlers/tg/generate/handler.go:66.65,68.3 1 0
github.com/WildEgor/pi-storyteller/internal/handlers/tg/generate/handler.go:68.8,70.16 2 0
github.com/WildEgor/pi-storyteller/internal/handlers/tg/generate/handler.go:70.16,74.4 3 0
github.com/WildEgor/pi-storyteller/internal/handlers/tg/generate/handler.go:77.2,81.75 4 0
github.com/WildEgor/pi-storyteller/internal/handlers/tg/generate/handler.go:81.75,88.33 5 0
github.com/WildEgor/pi-storyteller/internal/handlers/tg/generate/handler.go:88.33,90.4 1 0
github.com/WildEgor/pi-storyteller/internal/handlers/tg/generate/handler.go:92.3,95.24 3 0
github.com/WildEgor/pi-storyteller/internal/handlers/tg/generate/handler.go:95.24,105.27 4 0
github.com/WildEgor/pi-storyteller/internal/handlers/tg/generate/handler.go:105.27,112.5 1 0
github.com/WildEgor/pi-storyteller/internal/handlers/tg/generate/handler.go:114.4,114.43 1 0
github.com/WildEgor/pi-storyteller/internal/handlers/tg/generate/handler.go:114.43,114.81 1 0
github.com/WildEgor/pi-storyteller/internal/handlers/tg/generate/handler.go:116.4,119.19 2 0
github.com/WildEgor/pi-storyteller/internal/handlers/tg/generate/handler.go:119.19,121.5 1 0
github.com/WildEgor/pi-storyteller/internal/handlers/tg/generate/handler.go:123.4,123.15 1 0
github.com/WildEgor/pi-storyteller/internal/handlers/tg/generate/handler.go:126.3,126.21 1 0
github.com/WildEgor/pi-storyteller/internal/handlers/tg/generate/handler.go:129.2,131.16 2 0
github.com/WildEgor/pi-storyteller/internal/handlers/tg/generate/handler.go:131.16,134.3 1 0
github.com/WildEgor/pi-storyteller/internal/handlers/tg/generate/handler.go:136.2,136.12 1 0
github.com/WildEgor/pi-storyteller/internal/handlers/http/http_health_check_handler/handler.go:13.50,15.2 1 0
github.com/WildEgor/pi-storyteller/internal/handlers/http/http_health_check_handler/handler.go:26.60,28.2 1 0
github.com/WildEgor/pi-storyteller/internal/handlers/http/http_error_handler/handler.go:15.40,17.2 1 0
github.com/WildEgor/pi-storyteller/internal/handlers/http/http_error_handler/handler.go:20.66,24.24 3 0
github.com/WildEgor/pi-storyteller/internal/handlers/http/http_error_handler/handler.go:24.24,26.3 1 0
github.com/WildEgor/pi-storyteller/internal/handlers/http/http_error_handler/handler.go:28.2,30.27 3 0
github.com/WildEgor/pi-storyteller/internal/handlers/http/metrics/handler.go:21.74,28.2 1 0
github.com/WildEgor/pi-storyteller/internal/handlers/http/metrics/handler.go:48.54,56.2 3 0
github.com/WildEgor/pi-storyteller/internal/handlers/tg/random/handler.go:41.18,50.2 1 0
github.com/WildEgor/pi-storyteller/internal/handlers/tg/random/handler.go:53.86,61.65 3 0
github.com/WildEgor/pi-storyteller/internal/handlers/tg/random/handler.go:61.65,63.3 1 0
github.com/WildEgor/pi-storyteller/internal/handlers/tg/random/handler.go:63.8,65.16 2 0
github.com/WildEgor/pi-storyteller/internal/handlers/tg/random/handler.go:65.16,69.4 3 0
github.com/WildEgor/pi-storyteller/internal/handlers/tg/random/handler.go:72.2,76.75 4 0
github.com/WildEgor/pi-storyteller/internal/handlers/tg/random/handler.go:76.75,82.33 5 0
github.com/WildEgor/pi-storyteller/internal/handlers/tg/random/handler.go:82.33,84.4 1 0
github.com/WildEgor/pi-storyteller/internal/handlers/tg/random/handler.go:86.3,89.24 3 0
github.com/WildEgor/pi-storyteller/internal/handlers/tg/random/handler.go:89.24,99.27 4 0
github.com/WildEgor/pi-storyteller/internal/handlers/tg/random/handler.go:99.27,106.5 1 0
github.com/WildEgor/pi-storyteller/internal/handlers/tg/random/handler.go:108.4,108.43 1 0
github.com/WildEgor/pi-storyteller/internal/handlers/tg/random/handler.go:108.43,108.81 1 0
github.com/WildEgor/pi-storyteller/internal/handlers/tg/random/handler.go:110.4,113.19 2 0
github.com/WildEgor/pi-storyteller/internal/handlers/tg/random/handler.go:113.19,115.5 1 0
github.com/WildEgor/pi-storyteller/internal/handlers/tg/random/handler.go:117.4,117.15 1 0
github.com/WildEgor/pi-storyteller/internal/handlers/tg/random/handler.go:120.3,120.21 1 0
github.com/WildEgor/pi-storyteller/internal/handlers/tg/random/handler.go:123.2,125.16 2 0
github.com/WildEgor/pi-storyteller/internal/handlers/tg/random/handler.go:125.16,128.3 1 0
github.com/WildEgor/pi-storyteller/internal/handlers/tg/random/handler.go:130.2,130.12 1 0
github.com/WildEgor/pi-storyteller/internal/middlewares/tg/job_limit.go:6.55,7.36 1 0
github.com/WildEgor/pi-storyteller/internal/middlewares/tg/job_limit.go:7.36,10.3 1 0
github.com/WildEgor/pi-storyteller/internal/routers/health_router.go:29.17,36.2 1 0
github.com/WildEgor/pi-storyteller/internal/routers/health_router.go:40.46,53.35 3 0
github.com/WildEgor/pi-storyteller/internal/routers/health_router.go:53.35,55.44 1 0
github.com/WildEgor/pi-storyteller/internal/routers/health_router.go:55.44,61.5 2 0
github.com/WildEgor/pi-storyteller/internal/routers/health_router.go:63.4,65.15 2 0
github.com/WildEgor/pi-storyteller/internal/routers/health_router.go:70.2,72.35 1 0
github.com/WildEgor/pi-storyteller/internal/routers/health_router.go:72.35,76.4 1 0
github.com/WildEgor/pi-storyteller/internal/routers/metrics_router.go:31.18,40.2 1 0
github.com/WildEgor/pi-storyteller/internal/routers/metrics_router.go:44.47,55.20 3 0
github.com/WildEgor/pi-storyteller/internal/routers/metrics_router.go:55.20,59.3 1 0
github.com/WildEgor/pi-storyteller/internal/routers/telegram_router.go:32.19,39.2 1 0
github.com/WildEgor/pi-storyteller/internal/routers/telegram_router.go:42.48,43.84 1 0
github.com/WildEgor/pi-storyteller/internal/routers/telegram_router.go:43.84,50.3 1 0
github.com/WildEgor/pi-storyteller/internal/routers/telegram_router.go:52.2,52.82 1 0
github.com/WildEgor/pi-storyteller/internal/routers/telegram_router.go:52.82,59.3 1 0
github.com/WildEgor/pi-storyteller/internal/routers/telegram_router.go:61.2,61.81 1 0
github.com/WildEgor/pi-storyteller/internal/routers/telegram_router.go:61.81,66.3 1 0
github.com/WildEgor/pi-storyteller/internal/services/dispatcher/job.go:96.32,100.31 1 0
github.com/WildEgor/pi-storyteller/internal/services/dispatcher/job.go:100.32,102.4 0 0
github.com/WildEgor/pi-storyteller/internal/services/dispatcher/job.go:104.35,106.4 0 0
github.com/WildEgor/pi-storyteller/internal/services/dispatcher/job.go:108.40,110.4 0 0
github.com/WildEgor/pi-storyteller/internal/services/dispatcher/service.go:53.57,76.2 1 0
github.com/WildEgor/pi-storyteller/internal/services/dispatcher/service.go:84.30,94.39 5 0
github.com/WildEgor/pi-storyteller/internal/services/dispatcher/service.go:94.39,102.3 3 0
github.com/WildEgor/pi-storyteller/internal/services/dispatcher/service.go:104.2,104.40 1 0
github.com/WildEgor/pi-storyteller/internal/services/dispatcher/service.go:104.40,112.3 3 0
github.com/WildEgor/pi-storyteller/internal/services/dispatcher/service.go:114.2,116.12 2 0
github.com/WildEgor/pi-storyteller/internal/services/dispatcher/service.go:116.12,118.7 1 0
github.com/WildEgor/pi-storyteller/internal/services/dispatcher/service.go:118.7,120.11 1 0
github.com/WildEgor/pi-storyteller/internal/services/dispatcher/service.go:122.30,124.22 1 0
github.com/WildEgor/pi-storyteller/internal/services/dispatcher/service.go:124.22,130.6 2 0
github.com/WildEgor/pi-storyteller/internal/services/dispatcher/service.go:132.29,134.22 1 0
github.com/WildEgor/pi-storyteller/internal/services/dispatcher/service.go:134.22,140.6 2 0
github.com/WildEgor/pi-storyteller/internal/services/dispatcher/service.go:142.18,144.11 1 0
github.com/WildEgor/pi-storyteller/internal/services/dispatcher/service.go:158.29,160.15 1 0
github.com/WildEgor/pi-storyteller/internal/services/dispatcher/service.go:160.15,164.3 1 0
github.com/WildEgor/pi-storyteller/internal/services/dispatcher/service.go:166.2,168.27 2 0
github.com/WildEgor/pi-storyteller/internal/services/dispatcher/service.go:168.27,172.3 1 0
github.com/WildEgor/pi-storyteller/internal/services/dispatcher/service.go:174.2,176.22 2 0
github.com/WildEgor/pi-storyteller/internal/services/dispatcher/service.go:184.81,186.15 1 0
github.com/WildEgor/pi-storyteller/internal/services/dispatcher/service.go:186.15,190.3 1 0
github.com/WildEgor/pi-storyteller/internal/services/dispatcher/service.go:192.2,194.29 2 0
github.com/WildEgor/pi-storyteller/internal/services/dispatcher/service.go:194.29,202.3 3 0
github.com/WildEgor/pi-storyteller/internal/services/dispatcher/service.go:204.2,204.30 1 0
github.com/WildEgor/pi-storyteller/internal/services/dispatcher/service.go:204.30,208.3 1 0
github.com/WildEgor/pi-storyteller/internal/services/dispatcher/service.go:210.2,210.40 1 0
github.com/WildEgor/pi-storyteller/internal/services/dispatcher/service.go:210.40,216.3 1 0
github.com/WildEgor/pi-storyteller/internal/services/dispatcher/service.go:218.2,235.49 2 0
github.com/WildEgor/pi-storyteller/internal/services/dispatcher/service.go:235.49,239.3 1 0
github.com/WildEgor/pi-storyteller/internal/services/dispatcher/service.go:239.8,243.3 1 0
github.com/WildEgor/pi-storyteller/internal/services/dispatcher/service.go:245.2,247.21 2 0
github.com/WildEgor/pi-storyteller/internal/services/dispatcher/service.go:253.58,259.43 3 0
github.com/WildEgor/pi-storyteller/internal/services/dispatcher/service.go:259.43,263.3 1 0
github.com/WildEgor/pi-storyteller/internal/services/dispatcher/service.go:265.2,265.10 1 0
github.com/WildEgor/pi-storyteller/internal/services/dispatcher/service.go:271.36,279.2 2 0
github.com/WildEgor/pi-storyteller/internal/services/dispatcher/service.go:283.40,297.2 5 0
github.com/WildEgor/pi-storyteller/internal/services/dispatcher/service.go:301.45,307.48 3 0
github.com/WildEgor/pi-storyteller/internal/services/dispatcher/service.go:307.48,309.50 1 0
github.com/WildEgor/pi-storyteller/internal/services/dispatcher/service.go:309.50,313.4 1 0
github.com/WildEgor/pi-storyteller/internal/services/dispatcher/service.go:315.3,315.36 1 0
github.com/WildEgor/pi-storyteller/internal/services/dispatcher/worker.go:26.50,37.2 1 0
github.com/WildEgor/pi-storyteller/internal/services/dispatcher/worker.go:41.26,43.12 1 0
github.com/WildEgor/pi-storyteller/internal/services/dispatcher/worker.go:43.12,45.7 1 0
github.com/WildEgor/pi-storyteller/internal/services/dispatcher/worker.go:45.7,49.11 2 0
github.com/WildEgor/pi-storyteller/internal/services/dispatcher/worker.go:51.31,77.19 7 0
github.com/WildEgor/pi-storyteller/internal/services/dispatcher/worker.go:77.19,83.6 2 0
github.com/WildEgor/pi-storyteller/internal/services/dispatcher/worker.go:85.18,87.11 1 0
github.com/WildEgor/pi-storyteller/internal/services/dispatcher/worker.go:99.25,101.12 1 0
github.com/WildEgor/pi-storyteller/internal/services/dispatcher/worker.go:101.12,105.3 1 0
github.com/WildEgor/pi-storyteller/internal/handlers/tg/start/handler.go:20.51,27.2 1 0
github.com/WildEgor/pi-storyteller/internal/handlers/tg/start/handler.go:31.81,42.2 2 0
github.com/WildEgor/pi-storyteller/pkg/chatgpt/mocks/dummy.go:11.78,13.2 1 0
github.com/WildEgor/pi-storyteller/pkg/chatgpt/mocks/dummy.go:16.99,18.2 1 0
github.com/WildEgor/pi-storyteller/pkg/kandinsky/mocks/dummy.go:21.84,23.2 1 0
github.com/WildEgor/pi-storyteller/pkg/kandinsky/mocks/dummy.go:26.152,33.2 2 0
github.com/WildEgor/pi-storyteller/pkg/kandinsky/mocks/dummy.go:36.105,41.2 1 0
github.com/WildEgor/pi-storyteller/pkg/kandinsky/mocks/dummy.go:44.96,49.2 1 0
github.com/WildEgor/pi-storyteller/pkg/kandinsky/mocks/dummy.go:52.118,61.52 7 0
github.com/WildEgor/pi-storyteller/pkg/kandinsky/mocks/dummy.go:61.52,64.3 2 0
github.com/WildEgor/pi-storyteller/pkg/kandinsky/mocks/dummy.go:66.2,74.8 3 0
github.com/WildEgor/pi-storyteller/pkg/kandinsky/client.go:21.39,37.2 3 0
github.com/WildEgor/pi-storyteller/pkg/kandinsky/client.go:40.118,53.16 3 0
github.com/WildEgor/pi-storyteller/pkg/kandinsky/client.go:53.16,55.3 1 0
github.com/WildEgor/pi-storyteller/pkg/kandinsky/client.go:58.2,69.16 4 0
github.com/WildEgor/pi-storyteller/pkg/kandinsky/client.go:69.16,71.3 1 0
github.com/WildEgor/pi-storyteller/pkg/kandinsky/client.go:73.2,73.26 1 0
github.com/WildEgor/pi-storyteller/pkg/kandinsky/client.go:77.81,79.16 2 0
github.com/WildEgor/pi-storyteller/pkg/kandinsky/client.go:79.16,81.3 1 0
github.com/WildEgor/pi-storyteller/pkg/kandinsky/client.go:83.2,83.62 1 0
github.com/WildEgor/pi-storyteller/pkg/kandinsky/client.go:83.62,85.3 1 0
github.com/WildEgor/pi-storyteller/pkg/kandinsky/client.go:86.2,86.9 1 0
github.com/WildEgor/pi-storyteller/pkg/kandinsky/client.go:86.9,88.3 1 0
github.com/WildEgor/pi-storyteller/pkg/kandinsky/client.go:90.2,90.26 1 0
github.com/WildEgor/pi-storyteller/pkg/kandinsky/client.go:94.72,99.16 2 0
github.com/WildEgor/pi-storyteller/pkg/kandinsky/client.go:99.16,101.3 1 0
github.com/WildEgor/pi-storyteller/pkg/kandinsky/client.go:103.2,105.16 3 0
github.com/WildEgor/pi-storyteller/pkg/kandinsky/client.go:105.16,107.3 1 0
github.com/WildEgor/pi-storyteller/pkg/kandinsky/client.go:109.2,109.26 1 0
github.com/WildEgor/pi-storyteller/pkg/kandinsky/client.go:109.26,111.3 1 0
github.com/WildEgor/pi-storyteller/pkg/kandinsky/client.go:113.2,113.24 1 0
github.com/WildEgor/pi-storyteller/pkg/kandinsky/client.go:117.94,121.16 2 0
github.com/WildEgor/pi-storyteller/pkg/kandinsky/client.go:121.16,123.3 1 0
github.com/WildEgor/pi-storyteller/pkg/kandinsky/client.go:125.2,125.30 1 0
github.com/WildEgor/pi-storyteller/pkg/kandinsky/client.go:125.30,127.3 1 0
github.com/WildEgor/pi-storyteller/pkg/kandinsky/client.go:129.2,131.16 3 0
github.com/WildEgor/pi-storyteller/pkg/kandinsky/client.go:131.16,133.3 1 0
github.com/WildEgor/pi-storyteller/pkg/kandinsky/client.go:135.2,135.22 1 0
github.com/WildEgor/pi-storyteller/pkg/kandinsky/interfaces.go:92.43,94.2 1 0
github.com/WildEgor/pi-storyteller/pkg/chatgpt/client.go:19.39,34.2 3 0
github.com/WildEgor/pi-storyteller/pkg/chatgpt/client.go:37.79,41.17 3 0
github.com/WildEgor/pi-storyteller/pkg/chatgpt/client.go:41.17,42.27 1 0
github.com/WildEgor/pi-storyteller/pkg/chatgpt/client.go:42.27,44.4 1 0
github.com/WildEgor/pi-storyteller/pkg/chatgpt/client.go:45.3,45.26 1 0
github.com/WildEgor/pi-storyteller/pkg/chatgpt/client.go:45.26,47.4 1 0
github.com/WildEgor/pi-storyteller/pkg/chatgpt/client.go:50.2,63.16 2 0
github.com/WildEgor/pi-storyteller/pkg/chatgpt/client.go:63.16,65.3 1 0
github.com/WildEgor/pi-storyteller/pkg/chatgpt/client.go:67.2,71.16 4 0
github.com/WildEgor/pi-storyteller/pkg/chatgpt/client.go:71.16,73.3 1 0
github.com/WildEgor/pi-storyteller/pkg/chatgpt/client.go:76.2,78.20 2 0
github.com/WildEgor/pi-storyteller/internal/services/prompter/cache.go:27.24,41.2 7 0
github.com/WildEgor/pi-storyteller/internal/services/prompter/cache.go:44.24,48.54 3 0
github.com/WildEgor/pi-storyteller/internal/services/prompter/cache.go:48.54,51.29 2 0
github.com/WildEgor/pi-storyteller/internal/services/prompter/cache.go:51.29,52.37 1 0
github.com/WildEgor/pi-storyteller/internal/services/prompter/cache.go:52.37,53.15 1 0
github.com/WildEgor/pi-storyteller/internal/services/prompter/cache.go:53.15,55.6 1 0
github.com/WildEgor/pi-storyteller/internal/services/prompter/cache.go:55.11,57.6 1 0
github.com/WildEgor/pi-storyteller/internal/services/prompter/cache.go:59.4,59.37 1 0
github.com/WildEgor/pi-storyteller/internal/services/prompter/cache.go:59.37,60.15 1 0
github.com/WildEgor/pi-storyteller/internal/services/prompter/cache.go:60.15,62.6 1 0
github.com/WildEgor/pi-storyteller/internal/services/prompter/cache.go:62.11,64.6 1 0
github.com/WildEgor/pi-storyteller/internal/services/prompter/cache.go:70.63,76.16 4 0
github.com/WildEgor/pi-storyteller/internal/services/prompter/cache.go:76.16,78.12 2 0
github.com/WildEgor/pi-storyteller/internal/services/prompter/cache.go:80.2,83.16 3 0
github.com/WildEgor/pi-storyteller/internal/services/prompter/cache.go:83.16,85.12 2 0
github.com/WildEgor/pi-storyteller/internal/services/prompter/cache.go:88.2,92.16 3 0
github.com/WildEgor/pi-storyteller/internal/services/prompter/cache.go:92.16,94.12 2 0
github.com/WildEgor/pi-storyteller/internal/services/prompter/cache.go:97.2,97.16 1 0
github.com/WildEgor/pi-storyteller/internal/services/prompter/cache.go:101.59,105.20 3 0
github.com/WildEgor/pi-storyteller/internal/services/prompter/cache.go:105.20,107.3 1 0
github.com/WildEgor/pi-storyteller/internal/services/prompter/cache.go:109.2,109.29 1 0
github.com/WildEgor/pi-storyteller/internal/services/prompter/cache.go:113.53,117.20 3 0
github.com/WildEgor/pi-storyteller/internal/services/prompter/cache.go:117.20,119.3 1 0
github.com/WildEgor/pi-storyteller/internal/services/prompter/cache.go:122.2,122.35 1 0
github.com/WildEgor/pi-storyteller/internal/services/prompter/cache.go:122.35,124.3 1 0
github.com/WildEgor/pi-storyteller/internal/services/prompter/cache.go:126.2,126.13 1 0
github.com/WildEgor/pi-storyteller/internal/services/prompter/cache.go:130.60,134.20 3 0
github.com/WildEgor/pi-storyteller/internal/services/prompter/cache.go:134.20,136.3 1 0
github.com/WildEgor/pi-storyteller/internal/services/prompter/cache.go:138.2,138.30 1 0
github.com/WildEgor/pi-storyteller/internal/services/prompter/cache.go:142.54,146.20 3 0
github.com/WildEgor/pi-storyteller/internal/services/prompter/cache.go:146.20,148.3 1 0
github.com/WildEgor/pi-storyteller/internal/services/prompter/cache.go:151.2,151.36 1 0
github.com/WildEgor/pi-storyteller/internal/services/prompter/cache.go:151.36,153.3 1 0
github.com/WildEgor/pi-storyteller/internal/services/prompter/cache.go:155.2,155.13 1 0
github.com/WildEgor/pi-storyteller/internal/services/prompter/service.go:23.42,42.2 4 0
github.com/WildEgor/pi-storyteller/internal/services/prompter/service.go:45.47,46.20 1 0
github.com/WildEgor/pi-storyteller/internal/services/prompter/service.go:46.20,48.3 1 0
github.com/WildEgor/pi-storyteller/internal/services/prompter/service.go:49.2,61.46 5 0
github.com/WildEgor/pi-storyteller/internal/services/prompter/service.go:61.46,62.18 1 0
github.com/WildEgor/pi-storyteller/internal/services/prompter/service.go:62.18,63.12 1 0
github.com/WildEgor/pi-storyteller/internal/services/prompter/service.go:65.3,69.5 1 0
github.com/WildEgor/pi-storyteller/internal/services/prompter/service.go:72.2,72.13 1 0
github.com/WildEgor/pi-storyteller/internal/services/prompter/service.go:76.68,78.9 2 0
github.com/WildEgor/pi-storyteller/internal/services/prompter/service.go:78.9,81.3 2 0
github.com/WildEgor/pi-storyteller/internal/services/prompter/service.go:83.2,92.47 6 0
github.com/WildEgor/pi-storyteller/internal/services/prompter/service.go:92.47,93.18 1 0
github.com/WildEgor/pi-storyteller/internal/services/prompter/service.go:93.18,94.12 1 0
github.com/WildEgor/pi-storyteller/internal/services/prompter/service.go:96.3,100.5 1 0
github.com/WildEgor/pi-storyteller/internal/services/prompter/service.go:103.2,103.16 1 0
github.com/WildEgor/pi-storyteller/internal/services/templater/cache.go:20.32,26.16 4 0
github.com/WildEgor/pi-storyteller/internal/services/templater/cache.go:26.16,28.13 2 0
github.com/WildEgor/pi-storyteller/internal/services/templater/cache.go:31.2,32.29 2 0
github.com/WildEgor/pi-storyteller/internal/services/templater/cache.go:32.29,33.19 1 0
github.com/WildEgor/pi-storyteller/internal/services/templater/cache.go:33.19,34.12 1 0
github.com/WildEgor/pi-storyteller/internal/services/templater/cache.go:37.3,38.17 2 0
github.com/WildEgor/pi-storyteller/internal/services/templater/cache.go:38.17,40.12 2 0
github.com/WildEgor/pi-storyteller/internal/services/templater/cache.go:43.3,43.33 1 0
github.com/WildEgor/pi-storyteller/internal/services/templater/cache.go:48.61,52.2 2 0
github.com/WildEgor/pi-storyteller/internal/services/templater/service.go:21.38,28.2 3 0
github.com/WildEgor/pi-storyteller/internal/services/templater/service.go:31.66,33.17 2 0
github.com/WildEgor/pi-storyteller/internal/services/templater/service.go:33.17,35.3 1 0
github.com/WildEgor/pi-storyteller/internal/services/templater/service.go:37.2,38.48 2 0
github.com/WildEgor/pi-storyteller/internal/services/templater/service.go:38.48,40.3 1 0
github.com/WildEgor/pi-storyteller/internal/services/templater/service.go:42.2,42.26 1 0
