mode: atomic
github.com/WildEgor/pi-storyteller/cmd/main.go:25.13,36.16 4 0
github.com/WildEgor/pi-storyteller/cmd/main.go:36.16,38.12 2 0
github.com/WildEgor/pi-storyteller/cmd/main.go:41.2,47.15 4 0
github.com/WildEgor/pi-storyteller/cmd/main.go:47.15,49.3 1 0
github.com/WildEgor/pi-storyteller/cmd/main.go:51.2,51.19 1 0
github.com/WildEgor/pi-storyteller/internal/adapters/bot/interfaces.go:60.47,62.2 1 0
github.com/WildEgor/pi-storyteller/internal/adapters/bot/interfaces.go:65.74,66.19 1 0
github.com/WildEgor/pi-storyteller/internal/adapters/bot/interfaces.go:66.19,69.3 2 0
github.com/WildEgor/pi-storyteller/internal/adapters/bot/interfaces.go:70.2,70.30 1 0
github.com/WildEgor/pi-storyteller/internal/adapters/bot/telegram.go:25.69,32.16 3 0
github.com/WildEgor/pi-storyteller/internal/adapters/bot/telegram.go:32.16,34.12 2 0
github.com/WildEgor/pi-storyteller/internal/adapters/bot/telegram.go:37.2,40.3 1 0
github.com/WildEgor/pi-storyteller/internal/adapters/bot/telegram.go:44.31,46.2 1 0
github.com/WildEgor/pi-storyteller/internal/adapters/bot/telegram.go:49.30,51.2 1 0
github.com/WildEgor/pi-storyteller/internal/adapters/bot/telegram.go:54.107,56.16 2 0
github.com/WildEgor/pi-storyteller/internal/adapters/bot/telegram.go:56.16,58.3 1 0
github.com/WildEgor/pi-storyteller/internal/adapters/bot/telegram.go:60.2,60.18 1 0
github.com/WildEgor/pi-storyteller/internal/adapters/bot/telegram.go:64.107,66.16 2 0
github.com/WildEgor/pi-storyteller/internal/adapters/bot/telegram.go:66.16,68.3 1 0
github.com/WildEgor/pi-storyteller/internal/adapters/bot/telegram.go:70.2,70.18 1 0
github.com/WildEgor/pi-storyteller/internal/adapters/bot/telegram.go:74.82,76.2 1 0
github.com/WildEgor/pi-storyteller/internal/adapters/bot/telegram.go:79.103,84.27 3 0
github.com/WildEgor/pi-storyteller/internal/adapters/bot/telegram.go:84.27,94.3 4 0
github.com/WildEgor/pi-storyteller/internal/adapters/bot/telegram.go:96.2,97.16 2 0
github.com/WildEgor/pi-storyteller/internal/adapters/bot/telegram.go:97.16,99.3 1 0
github.com/WildEgor/pi-storyteller/internal/adapters/bot/telegram.go:101.2,109.48 5 0
github.com/WildEgor/pi-storyteller/internal/adapters/bot/telegram.go:109.48,110.54 1 0
github.com/WildEgor/pi-storyteller/internal/adapters/bot/telegram.go:110.54,115.4 2 0
github.com/WildEgor/pi-storyteller/internal/adapters/bot/telegram.go:118.2,118.47 1 0
github.com/WildEgor/pi-storyteller/internal/adapters/bot/telegram.go:118.47,119.53 1 0
github.com/WildEgor/pi-storyteller/internal/adapters/bot/telegram.go:119.53,124.4 2 0
github.com/WildEgor/pi-storyteller/internal/adapters/bot/telegram.go:127.2,131.12 2 0
github.com/WildEgor/pi-storyteller/internal/adapters/bot/telegram.go:135.93,136.51 1 0
github.com/WildEgor/pi-storyteller/internal/adapters/bot/telegram.go:136.51,143.3 1 0
github.com/WildEgor/pi-storyteller/internal/adapters/bot/telegram.go:147.100,149.2 1 0
github.com/WildEgor/pi-storyteller/internal/adapters/monitor/prom_metrics.go:32.128,54.2 1 0
github.com/WildEgor/pi-storyteller/internal/adapters/monitor/prom_metrics.go:56.46,57.29 1 0
github.com/WildEgor/pi-storyteller/internal/adapters/monitor/prom_metrics.go:57.29,59.3 1 0
github.com/WildEgor/pi-storyteller/internal/adapters/monitor/prom_metrics.go:62.46,63.29 1 0
github.com/WildEgor/pi-storyteller/internal/adapters/monitor/prom_metrics.go:63.29,65.3 1 0
github.com/WildEgor/pi-storyteller/internal/adapters/monitor/prom_metrics.go:68.58,69.29 1 0
github.com/WildEgor/pi-storyteller/internal/adapters/monitor/prom_metrics.go:69.29,71.3 1 0
github.com/WildEgor/pi-storyteller/internal/adapters/monitor/prom_metrics.go:74.67,75.29 1 0
github.com/WildEgor/pi-storyteller/internal/adapters/monitor/prom_metrics.go:75.29,77.3 1 0
github.com/WildEgor/pi-storyteller/internal/adapters/monitor/prom_registry.go:13.81,14.20 1 0
github.com/WildEgor/pi-storyteller/internal/adapters/monitor/prom_registry.go:14.20,23.3 3 0
github.com/WildEgor/pi-storyteller/internal/adapters/monitor/prom_registry.go:25.2,25.31 1 0
github.com/WildEgor/pi-storyteller/internal/app.go:43.42,44.12 1 0
github.com/WildEgor/pi-storyteller/internal/app.go:44.12,50.3 4 0
github.com/WildEgor/pi-storyteller/internal/app.go:52.2,57.29 2 0
github.com/WildEgor/pi-storyteller/internal/app.go:57.29,59.4 1 0
github.com/WildEgor/pi-storyteller/internal/app.go:60.17,62.3 1 0
github.com/WildEgor/pi-storyteller/internal/app.go:66.47,72.43 4 0
github.com/WildEgor/pi-storyteller/internal/app.go:72.43,74.3 1 0
github.com/WildEgor/pi-storyteller/internal/app.go:88.8,115.2 7 0
github.com/WildEgor/pi-storyteller/internal/wire_gen.go:29.32,54.2 24 0
github.com/WildEgor/pi-storyteller/internal/handlers/http/http_error_handler/handler.go:15.40,17.2 1 0
github.com/WildEgor/pi-storyteller/internal/handlers/http/http_error_handler/handler.go:20.66,23.24 3 0
github.com/WildEgor/pi-storyteller/internal/handlers/http/http_error_handler/handler.go:23.24,25.3 1 0
github.com/WildEgor/pi-storyteller/internal/handlers/http/http_error_handler/handler.go:27.2,30.27 3 0
github.com/WildEgor/pi-storyteller/internal/adapters/textor/ollama.go:13.68,17.2 1 0
github.com/WildEgor/pi-storyteller/internal/adapters/textor/ollama.go:20.92,25.2 3 0
github.com/WildEgor/pi-storyteller/internal/adapters/imaginator/kandinsky.go:37.28,39.2 1 0
github.com/WildEgor/pi-storyteller/internal/adapters/imaginator/kandinsky.go:44.28,46.2 1 0
github.com/WildEgor/pi-storyteller/internal/adapters/imaginator/kandinsky.go:57.21,63.2 2 0
github.com/WildEgor/pi-storyteller/internal/adapters/imaginator/kandinsky.go:66.108,74.28 6 0
github.com/WildEgor/pi-storyteller/internal/adapters/imaginator/kandinsky.go:74.28,77.19 2 0
github.com/WildEgor/pi-storyteller/internal/adapters/imaginator/kandinsky.go:77.19,81.18 3 0
github.com/WildEgor/pi-storyteller/internal/adapters/imaginator/kandinsky.go:81.18,83.5 1 0
github.com/WildEgor/pi-storyteller/internal/adapters/imaginator/kandinsky.go:85.4,90.8 4 0
github.com/WildEgor/pi-storyteller/internal/adapters/imaginator/kandinsky.go:90.8,91.12 1 0
github.com/WildEgor/pi-storyteller/internal/adapters/imaginator/kandinsky.go:92.13,92.13 0 0
github.com/WildEgor/pi-storyteller/internal/adapters/imaginator/kandinsky.go:93.23,95.12 2 0
github.com/WildEgor/pi-storyteller/internal/adapters/imaginator/kandinsky.go:96.21,100.21 3 0
github.com/WildEgor/pi-storyteller/internal/adapters/imaginator/kandinsky.go:100.21,102.37 2 0
github.com/WildEgor/pi-storyteller/internal/adapters/imaginator/kandinsky.go:102.37,104.16 2 0
github.com/WildEgor/pi-storyteller/internal/adapters/imaginator/kandinsky.go:107.7,112.13 2 0
github.com/WildEgor/pi-storyteller/internal/adapters/imaginator/kandinsky.go:115.6,115.27 1 0
github.com/WildEgor/pi-storyteller/internal/adapters/imaginator/kandinsky.go:115.27,116.15 1 0
github.com/WildEgor/pi-storyteller/internal/adapters/imaginator/kandinsky.go:119.6,129.12 4 0
github.com/WildEgor/pi-storyteller/internal/adapters/imaginator/kandinsky.go:134.2,138.11 3 0
github.com/WildEgor/pi-storyteller/internal/adapters/imaginator/kandinsky.go:142.103,144.9 2 0
github.com/WildEgor/pi-storyteller/internal/adapters/imaginator/kandinsky.go:144.9,146.17 2 0
github.com/WildEgor/pi-storyteller/internal/adapters/imaginator/kandinsky.go:146.17,148.4 1 0
github.com/WildEgor/pi-storyteller/internal/adapters/imaginator/kandinsky.go:151.2,158.16 3 0
github.com/WildEgor/pi-storyteller/internal/adapters/imaginator/kandinsky.go:158.16,160.3 1 0
github.com/WildEgor/pi-storyteller/internal/adapters/imaginator/kandinsky.go:162.2,162.23 1 0
github.com/WildEgor/pi-storyteller/internal/adapters/imaginator/kandinsky.go:166.86,168.16 2 0
github.com/WildEgor/pi-storyteller/internal/adapters/imaginator/kandinsky.go:168.16,170.3 1 0
github.com/WildEgor/pi-storyteller/internal/adapters/imaginator/kandinsky.go:172.2,173.16 2 0
github.com/WildEgor/pi-storyteller/internal/adapters/imaginator/kandinsky.go:173.16,175.3 1 0
github.com/WildEgor/pi-storyteller/internal/adapters/imaginator/kandinsky.go:177.2,177.17 1 0
github.com/WildEgor/pi-storyteller/internal/configs/app.go:21.32,24.56 2 0
github.com/WildEgor/pi-storyteller/internal/configs/app.go:24.56,26.12 2 0
github.com/WildEgor/pi-storyteller/internal/configs/app.go:29.2,31.12 2 0
github.com/WildEgor/pi-storyteller/internal/configs/app.go:35.56,37.2 1 0
github.com/WildEgor/pi-storyteller/internal/configs/app.go:40.42,42.2 1 0
github.com/WildEgor/pi-storyteller/internal/configs/app.go:45.37,47.2 1 0
github.com/WildEgor/pi-storyteller/internal/configs/app.go:50.45,51.29 1 0
github.com/WildEgor/pi-storyteller/internal/configs/app.go:51.29,53.3 1 0
github.com/WildEgor/pi-storyteller/internal/configs/app.go:54.2,54.11 1 0
github.com/WildEgor/pi-storyteller/internal/configs/app.go:58.47,59.29 1 0
github.com/WildEgor/pi-storyteller/internal/configs/app.go:59.29,61.3 1 0
github.com/WildEgor/pi-storyteller/internal/configs/app.go:62.2,62.11 1 0
github.com/WildEgor/pi-storyteller/internal/configs/configurator.go:18.38,24.2 3 0
github.com/WildEgor/pi-storyteller/internal/configs/configurator.go:27.32,28.46 1 0
github.com/WildEgor/pi-storyteller/internal/configs/configurator.go:28.46,31.38 2 0
github.com/WildEgor/pi-storyteller/internal/configs/configurator.go:31.38,33.4 1 0
github.com/WildEgor/pi-storyteller/internal/configs/configurator.go:35.2,35.21 1 0
github.com/WildEgor/pi-storyteller/internal/configs/configurator.go:39.57,42.2 2 0
github.com/WildEgor/pi-storyteller/internal/configs/configurator.go:45.31,47.20 2 0
github.com/WildEgor/pi-storyteller/internal/configs/configurator.go:47.20,49.3 1 0
github.com/WildEgor/pi-storyteller/internal/configs/configurator.go:49.8,52.3 2 0
github.com/WildEgor/pi-storyteller/internal/configs/configurator.go:54.2,57.45 3 0
github.com/WildEgor/pi-storyteller/internal/configs/configurator.go:57.45,59.37 2 0
github.com/WildEgor/pi-storyteller/internal/configs/configurator.go:62.2,62.46 1 0
github.com/WildEgor/pi-storyteller/internal/configs/configurator.go:62.46,65.3 2 0
github.com/WildEgor/pi-storyteller/internal/configs/kandinsky.go:20.44,23.62 2 0
github.com/WildEgor/pi-storyteller/internal/configs/kandinsky.go:23.62,25.12 2 0
github.com/WildEgor/pi-storyteller/internal/configs/kandinsky.go:28.2,30.12 2 0
github.com/WildEgor/pi-storyteller/internal/configs/kandinsky.go:34.60,40.2 1 0
github.com/WildEgor/pi-storyteller/internal/configs/logger.go:27.38,30.58 2 0
github.com/WildEgor/pi-storyteller/internal/configs/logger.go:30.58,32.12 2 0
github.com/WildEgor/pi-storyteller/internal/configs/logger.go:35.2,41.26 3 0
github.com/WildEgor/pi-storyteller/internal/configs/logger.go:41.26,43.3 1 0
github.com/WildEgor/pi-storyteller/internal/configs/logger.go:45.2,46.33 2 0
github.com/WildEgor/pi-storyteller/internal/configs/logger.go:46.33,48.3 1 0
github.com/WildEgor/pi-storyteller/internal/configs/logger.go:49.2,53.12 3 0
github.com/WildEgor/pi-storyteller/internal/configs/metrics.go:15.40,18.60 2 0
github.com/WildEgor/pi-storyteller/internal/configs/metrics.go:18.60,20.12 2 0
github.com/WildEgor/pi-storyteller/internal/configs/metrics.go:23.2,25.12 2 0
github.com/WildEgor/pi-storyteller/internal/configs/ollama.go:15.38,18.59 2 0
github.com/WildEgor/pi-storyteller/internal/configs/ollama.go:18.59,20.12 2 0
github.com/WildEgor/pi-storyteller/internal/configs/ollama.go:23.2,25.12 2 0
github.com/WildEgor/pi-storyteller/internal/configs/telegram.go:15.48,18.61 2 0
github.com/WildEgor/pi-storyteller/internal/configs/telegram.go:18.61,20.12 2 0
github.com/WildEgor/pi-storyteller/internal/configs/telegram.go:23.2,25.12 2 0
github.com/WildEgor/pi-storyteller/internal/handlers/http/http_health_check_handler/handler.go:13.50,15.2 1 0
github.com/WildEgor/pi-storyteller/internal/handlers/http/http_health_check_handler/handler.go:26.60,28.2 1 0
github.com/WildEgor/pi-storyteller/internal/handlers/tg/start/handler.go:17.49,21.2 1 0
github.com/WildEgor/pi-storyteller/internal/handlers/tg/start/handler.go:24.81,30.2 2 0
github.com/WildEgor/pi-storyteller/internal/handlers/tg/generate/dto.go:14.46,15.24 1 0
github.com/WildEgor/pi-storyteller/internal/handlers/tg/generate/dto.go:15.24,17.3 1 0
github.com/WildEgor/pi-storyteller/internal/handlers/tg/generate/dto.go:19.2,19.24 1 0
github.com/WildEgor/pi-storyteller/internal/handlers/tg/generate/dto.go:19.24,21.3 1 0
github.com/WildEgor/pi-storyteller/internal/handlers/tg/generate/dto.go:23.2,23.26 1 0
github.com/WildEgor/pi-storyteller/internal/handlers/tg/generate/dto.go:23.26,25.3 1 0
github.com/WildEgor/pi-storyteller/internal/handlers/tg/generate/dto.go:27.2,27.12 1 0
github.com/WildEgor/pi-storyteller/internal/handlers/tg/generate/handler.go:41.20,50.2 1 0
github.com/WildEgor/pi-storyteller/internal/handlers/tg/generate/handler.go:53.90,58.43 2 0
github.com/WildEgor/pi-storyteller/internal/handlers/tg/generate/handler.go:58.43,61.3 2 0
github.com/WildEgor/pi-storyteller/internal/handlers/tg/generate/handler.go:63.2,66.65 2 0
github.com/WildEgor/pi-storyteller/internal/handlers/tg/generate/handler.go:66.65,68.3 1 0
github.com/WildEgor/pi-storyteller/internal/handlers/tg/generate/handler.go:68.8,70.16 2 0
github.com/WildEgor/pi-storyteller/internal/handlers/tg/generate/handler.go:70.16,74.4 3 0
github.com/WildEgor/pi-storyteller/internal/handlers/tg/generate/handler.go:77.2,81.72 4 0
github.com/WildEgor/pi-storyteller/internal/handlers/tg/generate/handler.go:81.72,88.33 5 0
github.com/WildEgor/pi-storyteller/internal/handlers/tg/generate/handler.go:88.33,90.4 1 0
github.com/WildEgor/pi-storyteller/internal/handlers/tg/generate/handler.go:92.3,96.24 3 0
github.com/WildEgor/pi-storyteller/internal/handlers/tg/generate/handler.go:96.24,104.27 4 0
github.com/WildEgor/pi-storyteller/internal/handlers/tg/generate/handler.go:104.27,110.5 1 0
github.com/WildEgor/pi-storyteller/internal/handlers/tg/generate/handler.go:112.4,112.43 1 0
github.com/WildEgor/pi-storyteller/internal/handlers/tg/generate/handler.go:112.43,112.81 1 0
github.com/WildEgor/pi-storyteller/internal/handlers/tg/generate/handler.go:114.4,117.18 2 0
github.com/WildEgor/pi-storyteller/internal/handlers/tg/generate/handler.go:117.18,119.5 1 0
github.com/WildEgor/pi-storyteller/internal/handlers/tg/generate/handler.go:121.4,121.14 1 0
github.com/WildEgor/pi-storyteller/internal/handlers/tg/generate/handler.go:124.3,126.28 2 0
github.com/WildEgor/pi-storyteller/internal/handlers/tg/generate/handler.go:129.2,131.12 2 0
github.com/WildEgor/pi-storyteller/internal/services/templater/cache.go:20.43,24.20 3 0
github.com/WildEgor/pi-storyteller/internal/services/templater/cache.go:24.20,26.3 1 0
github.com/WildEgor/pi-storyteller/internal/services/templater/cache.go:28.2,29.16 2 0
github.com/WildEgor/pi-storyteller/internal/services/templater/cache.go:29.16,31.13 2 0
github.com/WildEgor/pi-storyteller/internal/services/templater/cache.go:34.2,35.29 2 0
github.com/WildEgor/pi-storyteller/internal/services/templater/cache.go:35.29,36.19 1 0
github.com/WildEgor/pi-storyteller/internal/services/templater/cache.go:36.19,37.12 1 0
github.com/WildEgor/pi-storyteller/internal/services/templater/cache.go:40.3,41.17 2 0
github.com/WildEgor/pi-storyteller/internal/services/templater/cache.go:41.17,43.12 2 0
github.com/WildEgor/pi-storyteller/internal/services/templater/cache.go:46.3,46.33 1 0
github.com/WildEgor/pi-storyteller/internal/services/templater/cache.go:51.61,55.2 2 0
github.com/WildEgor/pi-storyteller/internal/services/templater/service.go:23.66,30.2 3 0
github.com/WildEgor/pi-storyteller/internal/services/templater/service.go:33.74,35.17 2 0
github.com/WildEgor/pi-storyteller/internal/services/templater/service.go:35.17,37.3 1 0
github.com/WildEgor/pi-storyteller/internal/services/templater/service.go:39.2,40.48 2 0
github.com/WildEgor/pi-storyteller/internal/services/templater/service.go:40.48,42.3 1 0
github.com/WildEgor/pi-storyteller/internal/services/templater/service.go:44.2,44.26 1 0
github.com/WildEgor/pi-storyteller/internal/handlers/http/metrics/handler.go:14.74,18.2 1 0
github.com/WildEgor/pi-storyteller/internal/handlers/http/metrics/handler.go:29.54,33.2 3 0
github.com/WildEgor/pi-storyteller/internal/services/dispatcher/job.go:67.32,69.31 1 0
github.com/WildEgor/pi-storyteller/internal/services/dispatcher/job.go:69.32,70.4 0 0
github.com/WildEgor/pi-storyteller/internal/services/dispatcher/job.go:71.35,72.4 0 0
github.com/WildEgor/pi-storyteller/internal/services/dispatcher/job.go:73.40,74.4 0 0
github.com/WildEgor/pi-storyteller/internal/services/dispatcher/service.go:36.57,48.2 1 0
github.com/WildEgor/pi-storyteller/internal/services/dispatcher/service.go:53.30,59.39 5 0
github.com/WildEgor/pi-storyteller/internal/services/dispatcher/service.go:59.39,63.3 3 0
github.com/WildEgor/pi-storyteller/internal/services/dispatcher/service.go:65.2,65.40 1 0
github.com/WildEgor/pi-storyteller/internal/services/dispatcher/service.go:65.40,69.3 3 0
github.com/WildEgor/pi-storyteller/internal/services/dispatcher/service.go:71.2,73.12 2 0
github.com/WildEgor/pi-storyteller/internal/services/dispatcher/service.go:73.12,74.7 1 0
github.com/WildEgor/pi-storyteller/internal/services/dispatcher/service.go:74.7,75.11 1 0
github.com/WildEgor/pi-storyteller/internal/services/dispatcher/service.go:76.30,77.22 1 0
github.com/WildEgor/pi-storyteller/internal/services/dispatcher/service.go:77.22,80.6 2 0
github.com/WildEgor/pi-storyteller/internal/services/dispatcher/service.go:81.29,82.22 1 0
github.com/WildEgor/pi-storyteller/internal/services/dispatcher/service.go:82.22,85.6 2 0
github.com/WildEgor/pi-storyteller/internal/services/dispatcher/service.go:86.18,87.11 1 0
github.com/WildEgor/pi-storyteller/internal/services/dispatcher/service.go:95.29,96.15 1 0
github.com/WildEgor/pi-storyteller/internal/services/dispatcher/service.go:96.15,98.3 1 0
github.com/WildEgor/pi-storyteller/internal/services/dispatcher/service.go:100.2,102.27 2 0
github.com/WildEgor/pi-storyteller/internal/services/dispatcher/service.go:102.27,104.3 1 0
github.com/WildEgor/pi-storyteller/internal/services/dispatcher/service.go:106.2,107.22 2 0
github.com/WildEgor/pi-storyteller/internal/services/dispatcher/service.go:112.81,113.15 1 0
github.com/WildEgor/pi-storyteller/internal/services/dispatcher/service.go:113.15,115.3 1 0
github.com/WildEgor/pi-storyteller/internal/services/dispatcher/service.go:117.2,118.29 2 0
github.com/WildEgor/pi-storyteller/internal/services/dispatcher/service.go:118.29,122.3 3 0
github.com/WildEgor/pi-storyteller/internal/services/dispatcher/service.go:123.2,123.30 1 0
github.com/WildEgor/pi-storyteller/internal/services/dispatcher/service.go:123.30,125.3 1 0
github.com/WildEgor/pi-storyteller/internal/services/dispatcher/service.go:126.2,126.40 1 0
github.com/WildEgor/pi-storyteller/internal/services/dispatcher/service.go:126.40,129.3 1 0
github.com/WildEgor/pi-storyteller/internal/services/dispatcher/service.go:131.2,141.49 2 0
github.com/WildEgor/pi-storyteller/internal/services/dispatcher/service.go:141.49,143.3 1 0
github.com/WildEgor/pi-storyteller/internal/services/dispatcher/service.go:143.8,145.3 1 0
github.com/WildEgor/pi-storyteller/internal/services/dispatcher/service.go:147.2,149.21 2 0
github.com/WildEgor/pi-storyteller/internal/services/dispatcher/service.go:153.58,157.43 3 0
github.com/WildEgor/pi-storyteller/internal/services/dispatcher/service.go:157.43,159.3 1 0
github.com/WildEgor/pi-storyteller/internal/services/dispatcher/service.go:161.2,161.10 1 0
github.com/WildEgor/pi-storyteller/internal/services/dispatcher/service.go:165.36,168.2 2 0
github.com/WildEgor/pi-storyteller/internal/services/dispatcher/service.go:171.40,178.2 5 0
github.com/WildEgor/pi-storyteller/internal/services/dispatcher/service.go:181.45,185.48 3 0
github.com/WildEgor/pi-storyteller/internal/services/dispatcher/service.go:185.48,186.50 1 0
github.com/WildEgor/pi-storyteller/internal/services/dispatcher/service.go:186.50,188.4 1 0
github.com/WildEgor/pi-storyteller/internal/services/dispatcher/service.go:189.3,189.36 1 0
github.com/WildEgor/pi-storyteller/internal/services/dispatcher/worker.go:19.50,25.2 1 0
github.com/WildEgor/pi-storyteller/internal/services/dispatcher/worker.go:28.26,29.12 1 0
github.com/WildEgor/pi-storyteller/internal/services/dispatcher/worker.go:29.12,30.7 1 0
github.com/WildEgor/pi-storyteller/internal/services/dispatcher/worker.go:30.7,33.11 2 0
github.com/WildEgor/pi-storyteller/internal/services/dispatcher/worker.go:34.31,52.19 7 0
github.com/WildEgor/pi-storyteller/internal/services/dispatcher/worker.go:52.19,55.6 2 0
github.com/WildEgor/pi-storyteller/internal/services/dispatcher/worker.go:56.18,57.11 1 0
github.com/WildEgor/pi-storyteller/internal/services/dispatcher/worker.go:64.25,65.12 1 0
github.com/WildEgor/pi-storyteller/internal/services/dispatcher/worker.go:65.12,67.3 1 0
github.com/WildEgor/pi-storyteller/pkg/kandinsky/mocks/dummy.go:19.85,21.2 1 0
github.com/WildEgor/pi-storyteller/pkg/kandinsky/mocks/dummy.go:23.152,30.2 2 0
github.com/WildEgor/pi-storyteller/pkg/kandinsky/mocks/dummy.go:32.105,37.2 1 0
github.com/WildEgor/pi-storyteller/pkg/kandinsky/mocks/dummy.go:39.96,44.2 1 0
github.com/WildEgor/pi-storyteller/pkg/kandinsky/mocks/dummy.go:46.118,55.52 7 0
github.com/WildEgor/pi-storyteller/pkg/kandinsky/mocks/dummy.go:55.52,58.3 2 0
github.com/WildEgor/pi-storyteller/pkg/kandinsky/mocks/dummy.go:60.2,68.8 3 0
github.com/WildEgor/pi-storyteller/internal/services/prompter/cache.go:23.42,34.2 5 0
github.com/WildEgor/pi-storyteller/internal/services/prompter/cache.go:37.35,40.20 3 0
github.com/WildEgor/pi-storyteller/internal/services/prompter/cache.go:40.20,42.3 1 0
github.com/WildEgor/pi-storyteller/internal/services/prompter/cache.go:44.2,45.16 2 0
github.com/WildEgor/pi-storyteller/internal/services/prompter/cache.go:45.16,47.12 2 0
github.com/WildEgor/pi-storyteller/internal/services/prompter/cache.go:49.2,52.16 3 0
github.com/WildEgor/pi-storyteller/internal/services/prompter/cache.go:52.16,54.12 2 0
github.com/WildEgor/pi-storyteller/internal/services/prompter/cache.go:57.2,61.16 3 0
github.com/WildEgor/pi-storyteller/internal/services/prompter/cache.go:61.16,63.12 2 0
github.com/WildEgor/pi-storyteller/internal/services/prompter/cache.go:66.2,69.31 3 0
github.com/WildEgor/pi-storyteller/internal/services/prompter/cache.go:69.31,70.36 1 0
github.com/WildEgor/pi-storyteller/internal/services/prompter/cache.go:70.36,72.4 1 0
github.com/WildEgor/pi-storyteller/internal/services/prompter/cache.go:74.3,74.36 1 0
github.com/WildEgor/pi-storyteller/internal/services/prompter/cache.go:74.36,76.4 1 0
github.com/WildEgor/pi-storyteller/internal/services/prompter/cache.go:81.54,85.20 3 0
github.com/WildEgor/pi-storyteller/internal/services/prompter/cache.go:85.20,87.3 1 0
github.com/WildEgor/pi-storyteller/internal/services/prompter/cache.go:89.2,89.33 1 0
github.com/WildEgor/pi-storyteller/internal/services/prompter/cache.go:93.51,97.20 3 0
github.com/WildEgor/pi-storyteller/internal/services/prompter/cache.go:97.20,99.3 1 0
github.com/WildEgor/pi-storyteller/internal/services/prompter/cache.go:101.2,101.39 1 0
github.com/WildEgor/pi-storyteller/internal/services/prompter/cache.go:101.39,103.3 1 0
github.com/WildEgor/pi-storyteller/internal/services/prompter/cache.go:105.2,105.13 1 0
github.com/WildEgor/pi-storyteller/internal/services/prompter/service.go:21.50,38.2 4 0
github.com/WildEgor/pi-storyteller/internal/services/prompter/service.go:41.49,43.9 2 0
github.com/WildEgor/pi-storyteller/internal/services/prompter/service.go:43.9,46.3 2 0
github.com/WildEgor/pi-storyteller/internal/services/prompter/service.go:48.2,56.47 6 0
github.com/WildEgor/pi-storyteller/internal/services/prompter/service.go:56.47,57.18 1 0
github.com/WildEgor/pi-storyteller/internal/services/prompter/service.go:57.18,58.12 1 0
github.com/WildEgor/pi-storyteller/internal/services/prompter/service.go:60.3,63.5 1 0
github.com/WildEgor/pi-storyteller/internal/services/prompter/service.go:66.2,66.16 1 0
github.com/WildEgor/pi-storyteller/pkg/kandinsky/client.go:31.40,47.2 3 0
github.com/WildEgor/pi-storyteller/pkg/kandinsky/client.go:50.118,62.16 3 0
github.com/WildEgor/pi-storyteller/pkg/kandinsky/client.go:62.16,64.3 1 0
github.com/WildEgor/pi-storyteller/pkg/kandinsky/client.go:66.2,77.16 4 0
github.com/WildEgor/pi-storyteller/pkg/kandinsky/client.go:77.16,79.3 1 0
github.com/WildEgor/pi-storyteller/pkg/kandinsky/client.go:81.2,81.26 1 0
github.com/WildEgor/pi-storyteller/pkg/kandinsky/client.go:85.81,87.16 2 0
github.com/WildEgor/pi-storyteller/pkg/kandinsky/client.go:87.16,89.3 1 0
github.com/WildEgor/pi-storyteller/pkg/kandinsky/client.go:91.2,91.62 1 0
github.com/WildEgor/pi-storyteller/pkg/kandinsky/client.go:91.62,93.3 1 0
github.com/WildEgor/pi-storyteller/pkg/kandinsky/client.go:94.2,94.9 1 0
github.com/WildEgor/pi-storyteller/pkg/kandinsky/client.go:94.9,96.3 1 0
github.com/WildEgor/pi-storyteller/pkg/kandinsky/client.go:98.2,98.26 1 0
github.com/WildEgor/pi-storyteller/pkg/kandinsky/client.go:102.72,107.16 2 0
github.com/WildEgor/pi-storyteller/pkg/kandinsky/client.go:107.16,109.3 1 0
github.com/WildEgor/pi-storyteller/pkg/kandinsky/client.go:111.2,113.16 3 0
github.com/WildEgor/pi-storyteller/pkg/kandinsky/client.go:113.16,115.3 1 0
github.com/WildEgor/pi-storyteller/pkg/kandinsky/client.go:117.2,117.26 1 0
github.com/WildEgor/pi-storyteller/pkg/kandinsky/client.go:117.26,119.3 1 0
github.com/WildEgor/pi-storyteller/pkg/kandinsky/client.go:121.2,121.24 1 0
github.com/WildEgor/pi-storyteller/pkg/kandinsky/client.go:125.94,129.16 2 0
github.com/WildEgor/pi-storyteller/pkg/kandinsky/client.go:129.16,131.3 1 0
github.com/WildEgor/pi-storyteller/pkg/kandinsky/client.go:133.2,133.30 1 0
github.com/WildEgor/pi-storyteller/pkg/kandinsky/client.go:133.30,135.3 1 0
github.com/WildEgor/pi-storyteller/pkg/kandinsky/client.go:137.2,139.16 3 0
github.com/WildEgor/pi-storyteller/pkg/kandinsky/client.go:139.16,141.3 1 0
github.com/WildEgor/pi-storyteller/pkg/kandinsky/client.go:143.2,143.22 1 0
github.com/WildEgor/pi-storyteller/pkg/kandinsky/interfaces.go:79.43,81.2 1 0
github.com/WildEgor/pi-storyteller/internal/routers/health_router.go:24.17,28.2 1 0
github.com/WildEgor/pi-storyteller/internal/routers/health_router.go:31.46,39.35 3 0
github.com/WildEgor/pi-storyteller/internal/routers/health_router.go:39.35,40.44 1 0
github.com/WildEgor/pi-storyteller/internal/routers/health_router.go:40.44,43.5 2 0
github.com/WildEgor/pi-storyteller/internal/routers/health_router.go:45.4,47.15 2 0
github.com/WildEgor/pi-storyteller/internal/routers/health_router.go:50.2,51.35 1 0
github.com/WildEgor/pi-storyteller/internal/routers/health_router.go:51.35,53.4 1 0
github.com/WildEgor/pi-storyteller/internal/routers/metrics_router.go:24.18,29.2 1 0
github.com/WildEgor/pi-storyteller/internal/routers/metrics_router.go:32.47,39.20 3 0
github.com/WildEgor/pi-storyteller/internal/routers/metrics_router.go:39.20,41.3 1 0
github.com/WildEgor/pi-storyteller/internal/routers/telegram_router.go:29.19,35.2 1 0
github.com/WildEgor/pi-storyteller/internal/routers/telegram_router.go:38.48,39.90 1 0
github.com/WildEgor/pi-storyteller/internal/routers/telegram_router.go:39.90,46.3 1 0
github.com/WildEgor/pi-storyteller/internal/routers/telegram_router.go:48.2,48.87 1 0
github.com/WildEgor/pi-storyteller/internal/routers/telegram_router.go:48.87,53.3 1 0
